2012-08-12T18:27:56+00:00 ERR (3): 
exception 'PDOException' with message 'SQLSTATE[23000]: Integrity constraint violation: 1062 Duplicate entry '29049' for key 'PRIMARY'' in /var/www/dev.marvilene.com/web/lib/Zend/Db/Statement/Pdo.php:228
Stack trace:
#0 /var/www/dev.marvilene.com/web/lib/Zend/Db/Statement/Pdo.php(228): PDOStatement->execute(Array)
#1 /var/www/dev.marvilene.com/web/lib/Varien/Db/Statement/Pdo/Mysql.php(110): Zend_Db_Statement_Pdo->_execute(Array)
#2 /var/www/dev.marvilene.com/web/lib/Zend/Db/Statement.php(300): Varien_Db_Statement_Pdo_Mysql->_execute(Array)
#3 /var/www/dev.marvilene.com/web/lib/Zend/Db/Adapter/Abstract.php(479): Zend_Db_Statement->execute(Array)
#4 /var/www/dev.marvilene.com/web/lib/Zend/Db/Adapter/Pdo/Abstract.php(238): Zend_Db_Adapter_Abstract->query('INSERT INTO `lo...', Array)
#5 /var/www/dev.marvilene.com/web/lib/Varien/Db/Adapter/Pdo/Mysql.php(389): Zend_Db_Adapter_Pdo_Abstract->query('INSERT INTO `lo...', Array)
#6 /var/www/dev.marvilene.com/web/lib/Zend/Db/Adapter/Abstract.php(574): Varien_Db_Adapter_Pdo_Mysql->query('INSERT INTO `lo...', Array)
#7 /var/www/dev.marvilene.com/web/app/code/core/Mage/Log/Model/Resource/Visitor.php(173): Zend_Db_Adapter_Abstract->insert('log_url', Array)
#8 /var/www/dev.marvilene.com/web/app/code/core/Mage/Log/Model/Resource/Visitor.php(111): Mage_Log_Model_Resource_Visitor->_saveVisitorUrl(Object(Mage_Log_Model_Visitor))
#9 /var/www/dev.marvilene.com/web/app/code/core/Mage/Core/Model/Resource/Db/Abstract.php(458): Mage_Log_Model_Resource_Visitor->_afterSave(Object(Mage_Log_Model_Visitor))
#10 /var/www/dev.marvilene.com/web/app/code/core/Mage/Core/Model/Abstract.php(318): Mage_Core_Model_Resource_Db_Abstract->save(Object(Mage_Log_Model_Visitor))
#11 /var/www/dev.marvilene.com/web/app/code/core/Mage/Log/Model/Visitor.php(188): Mage_Core_Model_Abstract->save()
#12 /var/www/dev.marvilene.com/web/app/code/core/Mage/Core/Model/App.php(1303): Mage_Log_Model_Visitor->saveByRequest(Object(Varien_Event_Observer))
#13 /var/www/dev.marvilene.com/web/app/code/core/Mage/Core/Model/App.php(1284): Mage_Core_Model_App->_callObserverMethod(Object(Mage_Log_Model_Visitor), 'saveByRequest', Object(Varien_Event_Observer))
#14 /var/www/dev.marvilene.com/web/app/Mage.php(416): Mage_Core_Model_App->dispatchEvent('controller_acti...', Array)
#15 /var/www/dev.marvilene.com/web/app/code/core/Mage/Core/Controller/Varien/Action.php(534): Mage::dispatchEvent('controller_acti...', Array)
#16 /var/www/dev.marvilene.com/web/app/code/core/Mage/Core/Controller/Front/Action.php(70): Mage_Core_Controller_Varien_Action->postDispatch()
#17 /var/www/dev.marvilene.com/web/app/code/core/Mage/Core/Controller/Varien/Action.php(424): Mage_Core_Controller_Front_Action->postDispatch()
#18 /var/www/dev.marvilene.com/web/app/code/core/Mage/Core/Controller/Varien/Router/Standard.php(250): Mage_Core_Controller_Varien_Action->dispatch('view')
#19 /var/www/dev.marvilene.com/web/app/code/core/Mage/Core/Controller/Varien/Front.php(176): Mage_Core_Controller_Varien_Router_Standard->match(Object(Mage_Core_Controller_Request_Http))
#20 /var/www/dev.marvilene.com/web/app/code/core/Mage/Core/Model/App.php(349): Mage_Core_Controller_Varien_Front->dispatch()
#21 /var/www/dev.marvilene.com/web/app/Mage.php(640): Mage_Core_Model_App->run(Array)
#22 /var/www/dev.marvilene.com/web/index.php(82): Mage::run('default', 'store')
#23 {main}

Next exception 'Zend_Db_Statement_Exception' with message 'SQLSTATE[23000]: Integrity constraint violation: 1062 Duplicate entry '29049' for key 'PRIMARY'' in /var/www/dev.marvilene.com/web/lib/Zend/Db/Statement/Pdo.php:234
Stack trace:
#0 /var/www/dev.marvilene.com/web/lib/Varien/Db/Statement/Pdo/Mysql.php(110): Zend_Db_Statement_Pdo->_execute(Array)
#1 /var/www/dev.marvilene.com/web/lib/Zend/Db/Statement.php(300): Varien_Db_Statement_Pdo_Mysql->_execute(Array)
#2 /var/www/dev.marvilene.com/web/lib/Zend/Db/Adapter/Abstract.php(479): Zend_Db_Statement->execute(Array)
#3 /var/www/dev.marvilene.com/web/lib/Zend/Db/Adapter/Pdo/Abstract.php(238): Zend_Db_Adapter_Abstract->query('INSERT INTO `lo...', Array)
#4 /var/www/dev.marvilene.com/web/lib/Varien/Db/Adapter/Pdo/Mysql.php(389): Zend_Db_Adapter_Pdo_Abstract->query('INSERT INTO `lo...', Array)
#5 /var/www/dev.marvilene.com/web/lib/Zend/Db/Adapter/Abstract.php(574): Varien_Db_Adapter_Pdo_Mysql->query('INSERT INTO `lo...', Array)
#6 /var/www/dev.marvilene.com/web/app/code/core/Mage/Log/Model/Resource/Visitor.php(173): Zend_Db_Adapter_Abstract->insert('log_url', Array)
#7 /var/www/dev.marvilene.com/web/app/code/core/Mage/Log/Model/Resource/Visitor.php(111): Mage_Log_Model_Resource_Visitor->_saveVisitorUrl(Object(Mage_Log_Model_Visitor))
#8 /var/www/dev.marvilene.com/web/app/code/core/Mage/Core/Model/Resource/Db/Abstract.php(458): Mage_Log_Model_Resource_Visitor->_afterSave(Object(Mage_Log_Model_Visitor))
#9 /var/www/dev.marvilene.com/web/app/code/core/Mage/Core/Model/Abstract.php(318): Mage_Core_Model_Resource_Db_Abstract->save(Object(Mage_Log_Model_Visitor))
#10 /var/www/dev.marvilene.com/web/app/code/core/Mage/Log/Model/Visitor.php(188): Mage_Core_Model_Abstract->save()
#11 /var/www/dev.marvilene.com/web/app/code/core/Mage/Core/Model/App.php(1303): Mage_Log_Model_Visitor->saveByRequest(Object(Varien_Event_Observer))
#12 /var/www/dev.marvilene.com/web/app/code/core/Mage/Core/Model/App.php(1284): Mage_Core_Model_App->_callObserverMethod(Object(Mage_Log_Model_Visitor), 'saveByRequest', Object(Varien_Event_Observer))
#13 /var/www/dev.marvilene.com/web/app/Mage.php(416): Mage_Core_Model_App->dispatchEvent('controller_acti...', Array)
#14 /var/www/dev.marvilene.com/web/app/code/core/Mage/Core/Controller/Varien/Action.php(534): Mage::dispatchEvent('controller_acti...', Array)
#15 /var/www/dev.marvilene.com/web/app/code/core/Mage/Core/Controller/Front/Action.php(70): Mage_Core_Controller_Varien_Action->postDispatch()
#16 /var/www/dev.marvilene.com/web/app/code/core/Mage/Core/Controller/Varien/Action.php(424): Mage_Core_Controller_Front_Action->postDispatch()
#17 /var/www/dev.marvilene.com/web/app/code/core/Mage/Core/Controller/Varien/Router/Standard.php(250): Mage_Core_Controller_Varien_Action->dispatch('view')
#18 /var/www/dev.marvilene.com/web/app/code/core/Mage/Core/Controller/Varien/Front.php(176): Mage_Core_Controller_Varien_Router_Standard->match(Object(Mage_Core_Controller_Request_Http))
#19 /var/www/dev.marvilene.com/web/app/code/core/Mage/Core/Model/App.php(349): Mage_Core_Controller_Varien_Front->dispatch()
#20 /var/www/dev.marvilene.com/web/app/Mage.php(640): Mage_Core_Model_App->run(Array)
#21 /var/www/dev.marvilene.com/web/index.php(82): Mage::run('default', 'store')
#22 {main}
