2012-08-12T05:00:14+00:00 ERR (3): Notice: Use of undefined constant php - assumed 'php'  in /var/www/dev.marvilene.com/web/app/design/frontend/marvilene/default/template/page/html/footer.phtml on line 33
2012-08-12T07:00:44+00:00 ERR (3): Notice: Use of undefined constant php - assumed 'php'  in /var/www/dev.marvilene.com/web/app/design/frontend/marvilene/default/template/page/html/footer.phtml on line 33
2012-08-12T09:00:55+00:00 ERR (3): Notice: Use of undefined constant php - assumed 'php'  in /var/www/dev.marvilene.com/web/app/design/frontend/marvilene/default/template/page/html/footer.phtml on line 33
2012-08-12T11:01:10+00:00 ERR (3): Notice: Use of undefined constant php - assumed 'php'  in /var/www/dev.marvilene.com/web/app/design/frontend/marvilene/default/template/page/html/footer.phtml on line 33
2012-08-12T13:01:14+00:00 ERR (3): Notice: Use of undefined constant php - assumed 'php'  in /var/www/dev.marvilene.com/web/app/design/frontend/marvilene/default/template/page/html/footer.phtml on line 33
2012-08-12T15:01:22+00:00 ERR (3): Notice: Use of undefined constant php - assumed 'php'  in /var/www/dev.marvilene.com/web/app/design/frontend/marvilene/default/template/page/html/footer.phtml on line 33
2012-08-12T16:46:33+00:00 ERR (3): Notice: Use of undefined constant php - assumed 'php'  in /var/www/dev.marvilene.com/web/app/design/frontend/marvilene/default/template/page/html/footer.phtml on line 33
2012-08-12T16:48:10+00:00 ERR (3): Notice: Undefined variable: _product  in /var/www/dev.marvilene.com/web/app/design/frontend/marvilene/default/template/review/product/view/list.phtml on line 34
2012-08-12T16:48:10+00:00 ERR (3): Recoverable Error: Argument 1 passed to Mage_Review_Block_Product_View::getReviewsSummaryHtml() must be an instance of Mage_Catalog_Model_Product, null given, called in /var/www/dev.marvilene.com/web/app/design/frontend/marvilene/default/template/review/product/view/list.phtml on line 34 and defined  in /var/www/dev.marvilene.com/web/app/code/core/Mage/Review/Block/Product/View.php on line 59
2012-08-12T16:55:59+00:00 ERR (3): Notice: Use of undefined constant php - assumed 'php'  in /var/www/dev.marvilene.com/web/app/design/frontend/marvilene/default/template/page/html/footer.phtml on line 33
2012-08-12T16:57:47+00:00 ERR (3): Notice: Uninitialized string offset: 0  in /var/www/dev.marvilene.com/web/app/code/local/Brandammo/Pronav/Helper/Data.php on line 31
2012-08-12T17:29:25+00:00 ERR (3): Notice: Uninitialized string offset: 0  in /var/www/dev.marvilene.com/web/app/code/local/Brandammo/Pronav/Helper/Data.php on line 31
2012-08-12T17:32:37+00:00 ERR (3): Notice: Uninitialized string offset: 0  in /var/www/dev.marvilene.com/web/app/code/local/Brandammo/Pronav/Helper/Data.php on line 31
2012-08-12T17:33:16+00:00 ERR (3): Notice: Undefined variable: _product  in /var/www/dev.marvilene.com/web/app/design/frontend/marvilene/default/template/review/product/view/list.phtml on line 34
2012-08-12T17:33:16+00:00 ERR (3): Recoverable Error: Argument 1 passed to Mage_Review_Block_Product_View::getReviewsSummaryHtml() must be an instance of Mage_Catalog_Model_Product, null given, called in /var/www/dev.marvilene.com/web/app/design/frontend/marvilene/default/template/review/product/view/list.phtml on line 34 and defined  in /var/www/dev.marvilene.com/web/app/code/core/Mage/Review/Block/Product/View.php on line 59
2012-08-12T17:40:56+00:00 ERR (3): Notice: Uninitialized string offset: 0  in /var/www/dev.marvilene.com/web/app/code/local/Brandammo/Pronav/Helper/Data.php on line 31
2012-08-12T18:27:53+00:00 ERR (3): Warning: md5_file(/var/www/dev.marvilene.com/web/media/catalog/category/category-ad-lrg_1.jpg): failed to open stream: No such file or directory  in /var/www/dev.marvilene.com/web/app/code/community/OnePica/ImageCdn/Model/Adapter/Amazons3/Wrapper.php on line 124
2012-08-12T18:27:53+00:00 ERR (3): Warning: fopen(/var/www/dev.marvilene.com/web/media/catalog/category/category-ad-lrg_1.jpg): failed to open stream: No such file or directory  in /var/www/dev.marvilene.com/web/app/code/community/OnePica/ImageCdn/Model/Adapter/Amazons3/Wrapper.php on line 126
2012-08-12T18:27:53+00:00 ERR (3): Warning: filesize(): stat failed for /var/www/dev.marvilene.com/web/media/catalog/category/category-ad-lrg_1.jpg  in /var/www/dev.marvilene.com/web/app/code/community/OnePica/ImageCdn/Model/Adapter/Amazons3/Wrapper.php on line 129
2012-08-12T18:27:53+00:00 ERR (3): Warning: curl_setopt(): supplied argument is not a valid File-Handle resource  in /var/www/dev.marvilene.com/web/app/code/community/OnePica/ImageCdn/Model/Adapter/Amazons3/Wrapper.php on line 257
2012-08-12T18:27:53+00:00 ERR (3): Warning: fclose() expects parameter 1 to be resource, boolean given  in /var/www/dev.marvilene.com/web/app/code/community/OnePica/ImageCdn/Model/Adapter/Amazons3/Wrapper.php on line 149
2012-08-12T18:28:38+00:00 ERR (3): Notice: Uninitialized string offset: 0  in /var/www/dev.marvilene.com/web/app/code/local/Brandammo/Pronav/Helper/Data.php on line 31
2012-08-12T18:30:10+00:00 ERR (3): Warning: md5_file(/var/www/dev.marvilene.com/web/media/catalog/category/category-ad-lrg_1.jpg): failed to open stream: No such file or directory  in /var/www/dev.marvilene.com/web/app/code/community/OnePica/ImageCdn/Model/Adapter/Amazons3/Wrapper.php on line 124
2012-08-12T18:30:10+00:00 ERR (3): Warning: fopen(/var/www/dev.marvilene.com/web/media/catalog/category/category-ad-lrg_1.jpg): failed to open stream: No such file or directory  in /var/www/dev.marvilene.com/web/app/code/community/OnePica/ImageCdn/Model/Adapter/Amazons3/Wrapper.php on line 126
2012-08-12T18:30:10+00:00 ERR (3): Warning: filesize(): stat failed for /var/www/dev.marvilene.com/web/media/catalog/category/category-ad-lrg_1.jpg  in /var/www/dev.marvilene.com/web/app/code/community/OnePica/ImageCdn/Model/Adapter/Amazons3/Wrapper.php on line 129
2012-08-12T18:30:10+00:00 ERR (3): Warning: curl_setopt(): supplied argument is not a valid File-Handle resource  in /var/www/dev.marvilene.com/web/app/code/community/OnePica/ImageCdn/Model/Adapter/Amazons3/Wrapper.php on line 257
2012-08-12T18:30:10+00:00 ERR (3): Warning: fclose() expects parameter 1 to be resource, boolean given  in /var/www/dev.marvilene.com/web/app/code/community/OnePica/ImageCdn/Model/Adapter/Amazons3/Wrapper.php on line 149
2012-08-12T18:49:24+00:00 ERR (3): Notice: Uninitialized string offset: 0  in /var/www/dev.marvilene.com/web/app/code/local/Brandammo/Pronav/Helper/Data.php on line 31
2012-08-12T19:06:35+00:00 ERR (3): Notice: Undefined variable: _product  in /var/www/dev.marvilene.com/web/app/design/frontend/marvilene/default/template/review/product/view/list.phtml on line 34
2012-08-12T19:06:35+00:00 ERR (3): Recoverable Error: Argument 1 passed to Mage_Review_Block_Product_View::getReviewsSummaryHtml() must be an instance of Mage_Catalog_Model_Product, null given, called in /var/www/dev.marvilene.com/web/app/design/frontend/marvilene/default/template/review/product/view/list.phtml on line 34 and defined  in /var/www/dev.marvilene.com/web/app/code/core/Mage/Review/Block/Product/View.php on line 59
2012-08-12T19:09:27+00:00 ERR (3): Notice: Undefined variable: _product  in /var/www/dev.marvilene.com/web/app/design/frontend/marvilene/default/template/review/product/view/list.phtml on line 34
2012-08-12T19:09:27+00:00 ERR (3): Recoverable Error: Argument 1 passed to Mage_Review_Block_Product_View::getReviewsSummaryHtml() must be an instance of Mage_Catalog_Model_Product, null given, called in /var/www/dev.marvilene.com/web/app/design/frontend/marvilene/default/template/review/product/view/list.phtml on line 34 and defined  in /var/www/dev.marvilene.com/web/app/code/core/Mage/Review/Block/Product/View.php on line 59
2012-08-12T19:10:25+00:00 ERR (3): Notice: Undefined variable: _product  in /var/www/dev.marvilene.com/web/app/design/frontend/marvilene/default/template/review/product/view/list.phtml on line 34
2012-08-12T19:10:25+00:00 ERR (3): Recoverable Error: Argument 1 passed to Mage_Review_Block_Product_View::getReviewsSummaryHtml() must be an instance of Mage_Catalog_Model_Product, null given, called in /var/www/dev.marvilene.com/web/app/design/frontend/marvilene/default/template/review/product/view/list.phtml on line 34 and defined  in /var/www/dev.marvilene.com/web/app/code/core/Mage/Review/Block/Product/View.php on line 59
2012-08-12T19:15:15+00:00 ERR (3): Notice: Undefined variable: _product  in /var/www/dev.marvilene.com/web/app/design/frontend/marvilene/default/template/review/product/view/list.phtml on line 34
2012-08-12T19:15:15+00:00 ERR (3): Recoverable Error: Argument 1 passed to Mage_Review_Block_Product_View::getReviewsSummaryHtml() must be an instance of Mage_Catalog_Model_Product, null given, called in /var/www/dev.marvilene.com/web/app/design/frontend/marvilene/default/template/review/product/view/list.phtml on line 34 and defined  in /var/www/dev.marvilene.com/web/app/code/core/Mage/Review/Block/Product/View.php on line 59
